<?xml version="1.0" encoding="UTF-8"?>
<!-- Generated by org.testng.reporters.JUnitReportReporter -->
<testsuite skipped="0" hostname="XIT-IND-LAP35" name="loginscripts.loginscript1" tests="1" failures="0" timestamp="10 Dec 2017 10:02:57 GMT" time="17.167" errors="0">
  <testcase name="verifylogin" time="17.167" classname="loginscripts.loginscript1"/>
</testsuite> <!-- loginscripts.loginscript1 -->
