<?xml version="1.0" encoding="UTF-8"?>
<!-- Generated by org.testng.reporters.JUnitReportReporter -->
<testsuite skipped="0" hostname="XIT-IND-LAP35" name="loginscripts.loginscript1" tests="1" failures="0" timestamp="25 Mar 2018 20:59:53 GMT" time="20.895" errors="0">
  <testcase name="verifylogin" time="20.895" classname="loginscripts.loginscript1"/>
</testsuite> <!-- loginscripts.loginscript1 -->
