<?xml version="1.0" encoding="UTF-8"?>
<!-- Generated by org.testng.reporters.JUnitReportReporter -->
<testsuite skipped="0" hostname="XIT-IND-LAP35" name="baseclass.openbrowser" tests="1" failures="0" timestamp="08 Dec 2017 19:22:39 GMT" time="24.837" errors="0">
  <testcase name="setup" time="24.837" classname="baseclass.openbrowser"/>
</testsuite> <!-- baseclass.openbrowser -->
